<?xml version="1.0" encoding="UTF-8"?>
<testsuite xmlns:xsi="http://www.w3.org/2001/XMLSchema-instance" xsi:noNamespaceSchemaLocation="https://maven.apache.org/surefire/maven-surefire-plugin/xsd/surefire-test-report-3.0.xsd" version="3.0" name="br.lpm.CalculadoraTest" time="0.065" tests="5" errors="0" skipped="0" failures="0">
  <properties>
[...]
</properties>
  <testcase name="testSubtrair" classname="br.lpm.CalculadoraTest" time="0.026"/>
  <testcase name="testSomar" classname="br.lpm.CalculadoraTest" time="0.001"/>
  <testcase name="testMultiplicar" classname="br.lpm.CalculadoraTest" time="0.002"/>
  <testcase name="testDividirPorZero" classname="br.lpm.CalculadoraTest" time="0.002"/>
  <testcase name="testDividir" classname="br.lpm.CalculadoraTest" time="0.001"/>
</testsuite>